<?xml version="1.0" encoding="UTF-8"?>
<!-- Generated by org.testng.reporters.JUnitReportReporter -->
<testsuite hostname="MDs-MBP-2.home" failures="0" tests="1" name="BigLotsTest" time="15.340" errors="0" timestamp="04 Apr 2018 22:08:09 GMT" skipped="0">
  <testcase classname="BigLotsTest" name="setUp" time="15.340"/>
</testsuite> <!-- BigLotsTest -->
